Build started 2012/9/4 14:24:06.
     1>Project "D:\Biz\worldsms\FingerSMS接口CPP DEMO\CppInterfaceDemo\CppInterfaceDemo.vcxproj" on node 2 (build target(s)).
     1>InitializeBuildStatus:
         Touching "Debug\CppInterfaceDemo.unsuccessfulbuild".
       ClCompile:
         All outputs are up-to-date.
         All outputs are up-to-date.
       ResourceCompile:
         All outputs are up-to-date.
       ManifestResourceCompile:
         All outputs are up-to-date.
       Link:
         C:\Program Files (x86)\Microsoft Visual Studio 10.0\VC\bin\link.exe /ERRORREPORT:PROMPT /OUT:"D:\Biz\worldsms\FingerSMS接口CPP DEMO\Debug\CppInterfaceDemo.exe" /INCREMENTAL /NOLOGO kernel32.lib user32.lib gdi32.lib winspool.lib comdlg32.lib advapi32.lib shell32.lib ole32.lib oleaut32.lib uuid.lib odbc32.lib odbccp32.lib /MANIFEST /ManifestFile:"Debug\CppInterfaceDemo.exe.intermediate.manifest" /MANIFESTUAC:"level='asInvoker' uiAccess='false'" /DEBUG /PDB:"D:\Biz\worldsms\FingerSMS接口CPP DEMO\Debug\CppInterfaceDemo.pdb" /SUBSYSTEM:WINDOWS /TLBID:1 /DYNAMICBASE /NXCOMPAT /IMPLIB:"D:\Biz\worldsms\FingerSMS接口CPP DEMO\Debug\CppInterfaceDemo.lib" /MACHINE:X86 Debug\CppInterfaceDemo.res
         Debug\CppInterfaceDemo.exe.embed.manifest.res
         Debug\BatchDetailDlg.obj
         Debug\CppInterfaceDemo.obj
         Debug\CppInterfaceDemoDlg.obj
         Debug\HttpRequestClient.obj
         Debug\stdafx.obj
     1>json_vc71_libmtd.lib(json_value.obj) : error LNK2019: unresolved external symbol "public: static void __cdecl std::_String_base::_Xran(void)" (?_Xran@_String_base@std@@SAXXZ) referenced in function "public: class std::basic_string<char,struct std::char_traits<char>,class std::allocator<char> > & __thiscall std::basic_string<char,struct std::char_traits<char>,class std::allocator<char> >::assign(class std::basic_string<char,struct std::char_traits<char>,class std::allocator<char> > const &,unsigned int,unsigned int)" (?assign@?$basic_string@DU?$char_traits@D@std@@V?$allocator@D@2@@std@@QAEAAV12@ABV12@II@Z)
     1>json_vc71_libmtd.lib(json_reader.obj) : error LNK2001: unresolved external symbol "public: static void __cdecl std::_String_base::_Xran(void)" (?_Xran@_String_base@std@@SAXXZ)
     1>json_vc71_libmtd.lib(json_writer.obj) : error LNK2001: unresolved external symbol "public: static void __cdecl std::_String_base::_Xran(void)" (?_Xran@_String_base@std@@SAXXZ)
     1>json_vc71_libmtd.lib(json_value.obj) : error LNK2019: unresolved external symbol "public: static void __cdecl std::_String_base::_Xlen(void)" (?_Xlen@_String_base@std@@SAXXZ) referenced in function "protected: bool __thiscall std::basic_string<char,struct std::char_traits<char>,class std::allocator<char> >::_Grow(unsigned int,bool)" (?_Grow@?$basic_string@DU?$char_traits@D@std@@V?$allocator@D@2@@std@@IAE_NI_N@Z)
     1>json_vc71_libmtd.lib(json_reader.obj) : error LNK2001: unresolved external symbol "public: static void __cdecl std::_String_base::_Xlen(void)" (?_Xlen@_String_base@std@@SAXXZ)
     1>json_vc71_libmtd.lib(json_writer.obj) : error LNK2001: unresolved external symbol "public: static void __cdecl std::_String_base::_Xlen(void)" (?_Xlen@_String_base@std@@SAXXZ)
     1>json_vc71_libmtd.lib(json_reader.obj) : error LNK2019: unresolved external symbol "private: static void __cdecl std::locale::facet::facet_Register(class std::locale::facet *)" (?facet_Register@facet@locale@std@@CAXPAV123@@Z) referenced in function "public: void __thiscall std::locale::facet::_Register(void)" (?_Register@facet@locale@std@@QAEXXZ)
     1>json_vc71_libmtd.lib(json_writer.obj) : error LNK2001: unresolved external symbol "private: static void __cdecl std::locale::facet::facet_Register(class std::locale::facet *)" (?facet_Register@facet@locale@std@@CAXPAV123@@Z)
     1>json_vc71_libmtd.lib(json_writer.obj) : error LNK2019: unresolved external symbol "struct std::_Smanip<int> __cdecl std::setw(int)" (?setw@std@@YA?AU?$_Smanip@H@1@H@Z) referenced in function "class std::basic_string<char,struct std::char_traits<char>,class std::allocator<char> > __cdecl Json::valueToQuotedString(char const *)" (?valueToQuotedString@Json@@YA?AV?$basic_string@DU?$char_traits@D@std@@V?$allocator@D@2@@std@@PBD@Z)
     1>json_vc71_libmtd.lib(json_writer.obj) : error LNK2001: unresolved external symbol "long const std::_BADOFF" (?_BADOFF@std@@3JB)
     1>D:\Biz\worldsms\FingerSMS接口CPP DEMO\Debug\CppInterfaceDemo.exe : fatal error LNK1120: 5 unresolved externals
     1>Done Building Project "D:\Biz\worldsms\FingerSMS接口CPP DEMO\CppInterfaceDemo\CppInterfaceDemo.vcxproj" (build target(s)) -- FAILED.

Build FAILED.

Time Elapsed 00:00:09.78
