D:\BIZ\WORLDSMS\FINGERSMS接口CPP DEMO\CPPINTERFACEDEMO\DEBUG\BATCHDETAILDLG.OBJ
D:\Biz\worldsms\FingerSMS接口CPP DEMO\CppInterfaceDemo\Debug\cl.command.1.tlog
D:\Biz\worldsms\FingerSMS接口CPP DEMO\CppInterfaceDemo\Debug\CL.read.1.tlog
D:\Biz\worldsms\FingerSMS接口CPP DEMO\CppInterfaceDemo\Debug\CL.write.1.tlog
D:\Biz\worldsms\FingerSMS接口CPP DEMO\CppInterfaceDemo\Debug\CppInterfaceDemo.exe.embed.manifest
D:\BIZ\WORLDSMS\FINGERSMS接口CPP DEMO\CPPINTERFACEDEMO\DEBUG\CPPINTERFACEDEMO.EXE.EMBED.MANIFEST.RES
D:\Biz\worldsms\FingerSMS接口CPP DEMO\CppInterfaceDemo\Debug\CppInterfaceDemo.exe.intermediate.manifest
D:\BIZ\WORLDSMS\FINGERSMS接口CPP DEMO\CPPINTERFACEDEMO\DEBUG\CPPINTERFACEDEMO.OBJ
D:\BIZ\WORLDSMS\FINGERSMS接口CPP DEMO\CPPINTERFACEDEMO\DEBUG\CPPINTERFACEDEMO.PCH
D:\BIZ\WORLDSMS\FINGERSMS接口CPP DEMO\CPPINTERFACEDEMO\DEBUG\CPPINTERFACEDEMO.RES
D:\Biz\worldsms\FingerSMS接口CPP DEMO\CppInterfaceDemo\Debug\CppInterfaceDemo_manifest.rc
D:\BIZ\WORLDSMS\FINGERSMS接口CPP DEMO\CPPINTERFACEDEMO\DEBUG\CPPINTERFACEDEMODLG.OBJ
D:\BIZ\WORLDSMS\FINGERSMS接口CPP DEMO\CPPINTERFACEDEMO\DEBUG\HTTPREQUESTCLIENT.OBJ
D:\Biz\worldsms\FingerSMS接口CPP DEMO\CppInterfaceDemo\Debug\link.command.1.tlog
D:\Biz\worldsms\FingerSMS接口CPP DEMO\CppInterfaceDemo\Debug\link.read.1.tlog
D:\Biz\worldsms\FingerSMS接口CPP DEMO\CppInterfaceDemo\Debug\link.write.1.tlog
D:\Biz\worldsms\FingerSMS接口CPP DEMO\CppInterfaceDemo\Debug\link-cvtres.read.1.tlog
D:\Biz\worldsms\FingerSMS接口CPP DEMO\CppInterfaceDemo\Debug\link-cvtres.write.1.tlog
D:\Biz\worldsms\FingerSMS接口CPP DEMO\CppInterfaceDemo\Debug\rc.command.1.tlog
D:\Biz\worldsms\FingerSMS接口CPP DEMO\CppInterfaceDemo\Debug\rc.read.1.tlog
D:\Biz\worldsms\FingerSMS接口CPP DEMO\CppInterfaceDemo\Debug\rc.write.1.tlog
D:\BIZ\WORLDSMS\FINGERSMS接口CPP DEMO\CPPINTERFACEDEMO\DEBUG\STDAFX.OBJ
D:\Biz\worldsms\FingerSMS接口CPP DEMO\CppInterfaceDemo\Debug\vc100.idb
D:\BIZ\WORLDSMS\FINGERSMS接口CPP DEMO\CPPINTERFACEDEMO\DEBUG\VC100.PDB
D:\Biz\worldsms\FingerSMS接口CPP DEMO\Debug\CppInterfaceDemo.pdb
